2017-12-21 09:33:01 [INFO] - Starting Application on WangYiChao with PID 2744 (E:\workspace\mytalk\target\classes started by 11 in E:\workspace\mytalk)
2017-12-21 09:33:01 [INFO] - No active profile set, falling back to default profiles: default
2017-12-21 09:33:01 [INFO] - HV000001: Hibernate Validator 5.3.5.Final
2017-12-21 09:33:01 [INFO] - Refreshing org.springframework.boot.context.embedded.AnnotationConfigEmbeddedWebApplicationContext@68f4865: startup date [Thu Dec 21 09:33:01 CST 2017]; root of context hierarchy
2017-12-21 09:33:03 [INFO] - Tomcat initialized with port(s): 8080 (http)
2017-12-21 09:33:03 [INFO] - Starting service [Tomcat]
2017-12-21 09:33:03 [INFO] - Starting Servlet Engine: Apache Tomcat/8.5.15
2017-12-21 09:33:03 [INFO] - Initializing Spring embedded WebApplicationContext
2017-12-21 09:33:03 [INFO] - Root WebApplicationContext: initialization completed in 1665 ms
2017-12-21 09:33:03 [INFO] - Mapping filter: 'characterEncodingFilter' to: [/*]
2017-12-21 09:33:03 [INFO] - Mapping filter: 'hiddenHttpMethodFilter' to: [/*]
2017-12-21 09:33:03 [INFO] - Mapping filter: 'httpPutFormContentFilter' to: [/*]
2017-12-21 09:33:03 [INFO] - Mapping filter: 'requestContextFilter' to: [/*]
2017-12-21 09:33:03 [INFO] - Mapping filter: 'springSecurityFilterChain' to: [/*]
2017-12-21 09:33:03 [INFO] - Mapping servlet: 'dispatcherServlet' to [/]
2017-12-21 09:33:04 [INFO] - Creating filter chain: Ant [pattern='/js/**'], []
2017-12-21 09:33:04 [INFO] - Creating filter chain: Ant [pattern='/css/**'], []
2017-12-21 09:33:04 [INFO] - Creating filter chain: Ant [pattern='/fonts/**'], []
2017-12-21 09:33:04 [INFO] - Creating filter chain: Ant [pattern='/images/**'], []
2017-12-21 09:33:04 [INFO] - Creating filter chain: org.springframework.security.web.util.matcher.AnyRequestMatcher@1, [org.springframework.security.web.context.request.async.WebAsyncManagerIntegrationFilter@48499739, org.springframework.security.web.context.SecurityContextPersistenceFilter@6650a6c, org.springframework.security.web.header.HeaderWriterFilter@60591e1b, org.springframework.security.web.authentication.logout.LogoutFilter@2e952845, org.springframework.security.web.authentication.UsernamePasswordAuthenticationFilter@1c84d80a, org.springframework.security.web.savedrequest.RequestCacheAwareFilter@794240e2, org.springframework.security.web.servletapi.SecurityContextHolderAwareRequestFilter@58a3d521, org.springframework.security.web.authentication.rememberme.RememberMeAuthenticationFilter@629075f4, org.springframework.security.web.authentication.AnonymousAuthenticationFilter@723742b2, org.springframework.security.web.session.SessionManagementFilter@3009eed7, org.springframework.security.web.access.ExceptionTranslationFilter@194012a2, org.springframework.security.web.access.intercept.FilterSecurityInterceptor@78c74647]
2017-12-21 09:33:04 [INFO] - Initializing ExecutorService  'clientInboundChannelExecutor'
2017-12-21 09:33:04 [INFO] - Initializing ExecutorService  'clientOutboundChannelExecutor'
2017-12-21 09:33:05 [INFO] - Initializing ExecutorService  'messageBrokerTaskScheduler'
2017-12-21 09:33:05 [INFO] - Mapped URL path [/endpointSang/**] onto handler of type [class org.springframework.web.socket.sockjs.support.SockJsHttpRequestHandler]
2017-12-21 09:33:05 [INFO] - Initializing ExecutorService  'brokerChannelExecutor'
2017-12-21 09:33:05 [INFO] - Mapped "{[/welcome],messageType=[MESSAGE]}" onto public com.origen.mytalk.model.ResponseMessage com.origen.mytalk.controller.WSController.say(com.origen.mytalk.model.RequestMessage)
2017-12-21 09:33:05 [INFO] - Looking for @ControllerAdvice: org.springframework.boot.context.embedded.AnnotationConfigEmbeddedWebApplicationContext@68f4865: startup date [Thu Dec 21 09:33:01 CST 2017]; root of context hierarchy
2017-12-21 09:33:05 [INFO] - Mapped "{[/register]}" onto public java.lang.String com.origen.mytalk.controller.UserController.register(com.origen.mytalk.model.User,java.lang.String)
2017-12-21 09:33:05 [INFO] - Mapped "{[/toIndex]}" onto public org.springframework.web.servlet.ModelAndView com.origen.mytalk.controller.UserController.toIndex(javax.servlet.http.HttpSession)
2017-12-21 09:33:05 [INFO] - Mapped "{[/error]}" onto public org.springframework.http.ResponseEntity<java.util.Map<java.lang.String, java.lang.Object>> org.springframework.boot.autoconfigure.web.BasicErrorController.error(javax.servlet.http.HttpServletRequest)
2017-12-21 09:33:05 [INFO] - Mapped "{[/error],produces=[text/html]}" onto public org.springframework.web.servlet.ModelAndView org.springframework.boot.autoconfigure.web.BasicErrorController.errorHtml(javax.servlet.http.HttpServletRequest,javax.servlet.http.HttpServletResponse)
2017-12-21 09:33:05 [INFO] - Mapped URL path [/ws] onto handler of type [class org.springframework.web.servlet.mvc.ParameterizableViewController]
2017-12-21 09:33:05 [INFO] - Root mapping to handler of type [class org.springframework.web.servlet.mvc.ParameterizableViewController]
2017-12-21 09:33:05 [INFO] - Mapped URL path [/login] onto handler of type [class org.springframework.web.servlet.mvc.ParameterizableViewController]
2017-12-21 09:33:05 [INFO] - Mapped URL path [/webjars/**] onto handler of type [class org.springframework.web.servlet.resource.ResourceHttpRequestHandler]
2017-12-21 09:33:05 [INFO] - Mapped URL path [/**] onto handler of type [class org.springframework.web.servlet.resource.ResourceHttpRequestHandler]
2017-12-21 09:33:05 [INFO] - Mapped URL path [/**/favicon.ico] onto handler of type [class org.springframework.web.servlet.resource.ResourceHttpRequestHandler]
2017-12-21 09:33:06 [INFO] - Registering beans for JMX exposure on startup
2017-12-21 09:33:06 [INFO] - Starting beans in phase 2147483647
2017-12-21 09:33:06 [INFO] - Starting...
2017-12-21 09:33:06 [INFO] - BrokerAvailabilityEvent[available=true, SimpleBrokerMessageHandler [DefaultSubscriptionRegistry[cache[0 destination(s)], registry[0 sessions]]]]
2017-12-21 09:33:06 [INFO] - Started.
2017-12-21 09:33:06 [INFO] - Initializing ProtocolHandler ["http-nio-8080"]
2017-12-21 09:33:06 [INFO] - Starting ProtocolHandler ["http-nio-8080"]
2017-12-21 09:33:06 [INFO] - Using a shared selector for servlet write/read
2017-12-21 09:33:06 [INFO] - Tomcat started on port(s): 8080 (http)
2017-12-21 09:33:06 [INFO] - Started Application in 4.864 seconds (JVM running for 5.484)
2017-12-21 09:34:05 [INFO] - WebSocketSession[0 current WS(0)-HttpStream(0)-HttpPoll(0), 0 total, 0 closed abnormally (0 connect failure, 0 send limit, 0 transport error)], stompSubProtocol[processed CONNECT(0)-CONNECTED(0)-DISCONNECT(0)], stompBrokerRelay[null], inboundChannel[pool size = 0, active threads = 0, queued tasks = 0, completed tasks = 0], outboundChannelpool size = 0, active threads = 0, queued tasks = 0, completed tasks = 0], sockJsScheduler[pool size = 1, active threads = 1, queued tasks = 0, completed tasks = 0]
